<?xml version="1.0" encoding="UTF-8"?>
<!-- Generated by org.testng.reporters.JUnitXMLReporter -->
<testsuite hostname="PF0W19LH" name="ParticularTest" tests="2" failures="0" timestamp="27 Feb 2020 18:45:40 GMT" time="13.581" errors="0">
  <testcase name="@BeforeClass launchMyAccountHome" time="0.0" classname="Test.TestCase">
    <failure type="java.lang.NullPointerException">
      <![CDATA[java.lang.NullPointerException
	at Test.TestCase.launchMyAccountHome(TestCase.java:54)
... Removed 24 stack frames]]>
    </failure>
  </testcase> <!-- @BeforeClass launchMyAccountHome -->
  <testcase name="@AfterClass disposeWebdrive" time="0.0" classname="Test.TestCase">
    <skipped/>
  </testcase> <!-- @AfterClass disposeWebdrive -->
  <testcase name="addItem" time="0.01" classname="Test.TestCase">
    <skipped/>
  </testcase> <!-- addItem -->
  <testcase name="add_MultipleItems" time="0.01" classname="Test.TestCase">
    <skipped/>
  </testcase> <!-- add_MultipleItems -->
</testsuite> <!-- ParticularTest -->
